<?xml version="1.0" encoding="UTF-8"?>
<!-- Generated by org.testng.reporters.JUnitReportReporter -->
<testsuite skipped="0" hostname="user7" name="APITest" tests="2" failures="0" timestamp="08 Nov 2017 17:43:08 GMT" time="7.999" errors="0">
  <testcase name="checkResponseAndCountTest" time="0.356" classname="APITest"/>
  <testcase name="checkJsonSchema" time="7.643" classname="APITest"/>
</testsuite> <!-- APITest -->
