<?xml version="1.0" encoding="UTF-8"?>
<!-- Generated by org.testng.reporters.JUnitReportReporter -->
<testsuite skipped="0" hostname="user7" name="UITest" tests="1" failures="0" timestamp="08 Nov 2017 17:43:08 GMT" time="3.464" errors="0">
  <testcase name="getUIData" time="3.464" classname="UITest"/>
</testsuite> <!-- UITest -->
